MPASM 5.86                          MAIN.ASM   11-7-2019  20:21:04         PAGE  1


LOC  OBJECT CODE     LINE SOURCE TEXT
  VALUE

                      00001     ; Projeto 1 - Microcontroladores e microprocessadores
                      00002     ; IDE: MPLAB X v5.30
                      00003     ; MCU: PIC16F84A    Clock: 4MHz
                      00004     ; Frequencia do Cristal : 4MHz
                      00005     ; Ciclo de maquina = 1 / (Freq cristal/4) = 1/(4*10^6/4) = 1*10^-6 = 1us
                      00006     ; Integrantes - David Candelero e Lesath Ramos
                      00007     
                      00008         list        p=16f873a   ; Microcontrolador utilizado PIC16F84A
                      00009     
                      00010     
                      00011     ; +------------------+
                      00012     ; | Project includes |
                      00013     ; +------------------+
                      00014         #include    <p16f873a.inc>      ; Inclui arquivo do PIC16F84A
                      00001         LIST
                      00002 
                      00003 ;==========================================================================
                      00004 ; Build date : Oct 24 2019
                      00005 ;  MPASM PIC16F873A processor include
                      00006 ; 
                      00007 ;  (c) Copyright 1999-2019 Microchip Technology, All rights reserved
                      00008 ;==========================================================================
                      00009 
                      00527         LIST
                      00015     
                      00016     ; +-----------+
                      00017     ; | FUSE Bits |
                      00018     ; +-----------+
                      00019     ;  Cristal oscilador externo 4MHz, watchdog Timer : OFF, power up timer : ON, protecao do codigo : O
                            FF
2007   3FF1           00020         __config    _XT_OSC & _WDT_OFF & _PWRTE_ON & _CP_OFF
                      00021     
                      00022     
                      00023     ; +-------------------+
                      00024     ; | Memory Management |
                      00025     ; +-------------------+ 
                      00026         ;#define            bank0       bcf STATUS, RP0     ;Alias para bank0
                      00027         ;#define            bank1       bsf STATUS, RP0     ;Alias para bank1
                      00028     
                      00029     ; +--------------+
                      00030     ; | Reset Vector |
                      00031     ; +--------------+     
                      00032         org         H'0000'         ; Origem no endereco 0000h de memoria
0000   2???           00033         goto        start           ; Vai para a label start -> Para deviar do vetor de interrupcao
                      00034         
                      00035 
                      00036     ; +---------------------------+
                      00037     ; | General purpose registers |
                      00038     ; +---------------------------+
                      00039         cblock      H'20'           ; Inicio da memoria para resgistradores de uso geral
  00000020            00040         timer0
  00000021            00041         timer1                      ; Registradores para auxilio da temporizacao
  00000022            00042         timer2
MPASM 5.86                          MAIN.ASM   11-7-2019  20:21:04         PAGE  2


LOC  OBJECT CODE     LINE SOURCE TEXT
  VALUE

  00000023            00043         count1                      ;Registradores para auxilio da cnversao em BCD
  00000024            00044         count2
  00000025            00045         aux
  00000026            00046         timer2sec
  00000027            00047         timer1sec
  00000028            00048         timer5msec
  00000029            00049         timer2500usec
                      00050         ;clk                        ; Clock utilizado para liberar nova entrada
                      00051         endc                        ; Final da memoria para resgistradores de uso geral
                      00052 
                      00053     ; +----------------------+
                      00054     ; | Interruption Vecctor |
                      00055     ; +----------------------+     
                      00056         org         H'0004'         ; Todas interrupcoes apontam para este endereco
0004   0009           00057         retfie      ; Retorna da interrupcao
                      00058     
                      00059     
                      00060     ; +--------------+
                      00061     ; | Main Program |
                      00062     ; +--------------+    
0005                  00063 start:  ;bank1              ; Seleciona Banco 1
0005   1303           00064         bcf     STATUS, RP1 ;
0006   1683           00065         bsf     STATUS, RP0 ;
0007   3006           00066         movlw   B'0110'
Message[302]: Register in operand not in bank 0.  Ensure that bank bits are correct.
0008   009F           00067         movwf   ADCON1
0009   30FF           00068         movlw   H'FF'       ; W = B'111111111' -> Todos saida
Message[302]: Register in operand not in bank 0.  Ensure that bank bits are correct.
000A   0086           00069         movwf   TRISB       ; TRISB = H'FF' = B'11111111'
000B   3000           00070         movlw   H'00'       ; W = B'00000000'
Message[302]: Register in operand not in bank 0.  Ensure that bank bits are correct.
000C   0085           00071         movwf   TRISA       ; TRISA = H'00' = B'00000000'
000D   1283           00072         bcf     STATUS, RP0 ;
                      00073         ;bank0              ; Seleciona banco 0
                      00074         
                      00075 ;clkWait:
                      00076 ;       btfss   clk
                      00077 ;       goto    clkWait
                      00078 
000E   0000           00079         nop
000F   0000           00080         nop
0010   0000           00081         nop
0011   0000           00082         nop
                      00083         
                      00084         
0012   0806           00085         movf    PORTB,0
0013   00A5           00086         movwf   aux
0014   3064           00087 mod100: movlw   D'100'
0015   0AA3           00088         incf    count1,1
0016   02A5           00089         subwf   aux,1
0017   1803           00090         btfsc   STATUS,0
0018   2???           00091         goto    mod100
0019   07A5           00092         addwf   aux,1
MPASM 5.86                          MAIN.ASM   11-7-2019  20:21:04         PAGE  3


LOC  OBJECT CODE     LINE SOURCE TEXT
  VALUE

001A   03A3           00093         decf    count1,1
                      00094             
001B   300A           00095 mod10:  movlw   D'10'
001C   0AA4           00096         incf    count2,1
001D   02A5           00097         subwf   aux,1
001E   1803           00098         btfsc   STATUS,0
001F   2???           00099         goto    mod10
0020   07A5           00100         addwf   aux,1
0021   03A4           00101         decf    count2,1
                      00102 
0022   0823           00103         movf    count1,0
0023   0085           00104         movwf   PORTA
0024   2???           00105         call    delay500ms
0025   0824           00106         movf    count2,0
0026   0085           00107         movwf   PORTA
0027   2???           00108         call    delay5msec
0028   0825           00109         movf    aux,0
0029   0085           00110         movwf   PORTA
002A   2???           00111         call    delay2sec
                      00112         ;goto   clkWait
002B   2???           00113         goto    start
                      00114         
                      00115     ; +--------------+
                      00116     ; | Sub-Routines |
                      00117     ; +--------------+
                      00118 
002C                  00119 delay500ms:
002C   3004           00120         movlw   D'4'        ; W = D'200'
002D   00A0           00121         movwf   timer0      ; Inicializa variavel timer1 = D'200'
                      00122         
002E                  00123 aux0:
002E   30C8           00124         movlw   D'200'      ; W = D'200'
002F   00A1           00125         movwf   timer1      ; Inicializa variavel timer1 = D'200'
                      00126         
0030                  00127 aux1:
0030   30FA           00128         movlw   D'250'      ; W = D'250'
0031   00A2           00129         movwf   timer2      ; Inicializa variavel timer2 = D'250'
                      00130         
0032                  00131 aux2:
0032   0000           00132         nop                 ; Gasta 1 ciclo de maquina
0033   0000           00133         nop
0034   0000           00134         nop
0035   0000           00135         nop
0036   0000           00136         nop
0037   0000           00137         nop
Message[305]: Using default destination of 1 (file).
0038   0BA2           00138         decfsz  timer2      ; Decrementa Timer2 ate que seja igual a zero (1 ciclo de maquina)
0039   2???           00139         goto    aux2        ; Refaz 250 vezes (2 ciclos de maquina) -> logo 250*10(ciclos de maquina rep
                            resentadas acima) = 2500 ciclos de maquina
Message[305]: Using default destination of 1 (file).
003A   0BA1           00140         decfsz  timer1      ; Decrementa Timer1 ate que seja igual a zero (1 ciclo de maquina)
003B   2???           00141         goto    aux1        ; Refaz 200 vezes -> 2500*200 = 500000 ciclos de maquina
                      00142         
MPASM 5.86                          MAIN.ASM   11-7-2019  20:21:04         PAGE  4


LOC  OBJECT CODE     LINE SOURCE TEXT
  VALUE

Message[305]: Using default destination of 1 (file).
003C   0BA0           00143         decfsz  timer0      ; Decrementa Timer1 ate que seja igual a zero (1 ciclo de maquina)
003D   2???           00144         goto    aux0        ; Refaz 200 vezes -> 2500*200 = 500000 ciclos de maquina
003E   0008           00145         return
                      00146         
                      00147         
003F                  00148 delay2sec:
003F   3002           00149             movlw   D'2'
0040   00A6           00150             movwf   timer2sec
0041                  00151 auxDelay2sec:
0041   2???           00152             call    delay1sec
Message[305]: Using default destination of 1 (file).
0042   0BA6           00153             decfsz  timer2sec
0043   2???           00154             goto    auxDelay2sec
0044   0008           00155             return
                      00156 
                      00157 
0045                  00158 delay1sec:
0045   30C8           00159             movlw   D'200'
0046   00A7           00160             movwf   timer1sec
0047                  00161 auxDelay1sec:
0047   2???           00162             call    delay5msec
Message[305]: Using default destination of 1 (file).
0048   0BA7           00163             decfsz  timer1sec
0049   2???           00164             goto    auxDelay1sec
004A   0008           00165             return
                      00166 
004B                  00167 delay5msec:
004B   3002           00168             movlw   D'2'
004C   00A8           00169             movwf   timer5msec
004D                  00170 auxDelay5msec:
004D   2???           00171             call    delay2500usec
Message[305]: Using default destination of 1 (file).
004E   0BA8           00172             decfsz  timer5msec
004F   2???           00173             goto    auxDelay5msec
0050   0008           00174             return
                      00175 
                      00176                         
0051                  00177 delay2500usec:
0051   30FA           00178             movlw   D'250'
0052   00A9           00179             movwf   timer2500usec
0053                  00180 auxDelay2500usec:
0053   0000           00181             nop
0054   0000           00182             nop
0055   0000           00183             nop
0056   0000           00184             nop
0057   0000           00185             nop
0058   0000           00186             nop
0059   0000           00187             nop
Message[305]: Using default destination of 1 (file).
005A   0BA9           00188             decfsz  timer2500usec
005B   2???           00189             goto    auxDelay2500usec
005C   0008           00190             return
MPASM 5.86                          MAIN.ASM   11-7-2019  20:21:04         PAGE  5


LOC  OBJECT CODE     LINE SOURCE TEXT
  VALUE

                      00191         
3FF1                  00192         end                 ; Finaliza programa
MPASM 5.86                          MAIN.ASM   11-7-2019  20:21:04         PAGE  6


SYMBOL TABLE
  LABEL                             VALUE 

ACKDT                             00000005
ACKEN                             00000004
ACKSTAT                           00000006
ADCON0                            0000001F
ADCON1                            0000009F
ADCS0                             00000006
ADCS1                             00000007
ADCS2                             00000006
ADDEN                             00000003
ADFM                              00000007
ADIE                              00000006
ADIF                              00000006
ADON                              00000000
ADRESH                            0000001E
ADRESL                            0000009E
BCLIE                             00000003
BCLIF                             00000003
BF                                00000000
BRGH                              00000002
C                                 00000000
C1INV                             00000004
C1OUT                             00000006
C2INV                             00000005
C2OUT                             00000007
CCP1CON                           00000017
CCP1IE                            00000002
CCP1IF                            00000002
CCP1M0                            00000000
CCP1M1                            00000001
CCP1M2                            00000002
CCP1M3                            00000003
CCP1X                             00000005
CCP1Y                             00000004
CCP2CON                           0000001D
CCP2IE                            00000000
CCP2IF                            00000000
CCP2M0                            00000000
CCP2M1                            00000001
CCP2M2                            00000002
CCP2M3                            00000003
CCP2X                             00000005
CCP2Y                             00000004
CCPR1                             00000015
CCPR1H                            00000016
CCPR1L                            00000015
CCPR2                             0000001B
CCPR2H                            0000001C
CCPR2L                            0000001B
CHS0                              00000003
CHS1                              00000004
CHS2                              00000005
CIS                               00000003
CKE                               00000006
MPASM 5.86                          MAIN.ASM   11-7-2019  20:21:04         PAGE  7


SYMBOL TABLE
  LABEL                             VALUE 

CKP                               00000004
CM0                               00000000
CM1                               00000001
CM2                               00000002
CMCON                             0000009C
CMIE                              00000006
CMIF                              00000006
CREN                              00000004
CSRC                              00000007
CVR0                              00000000
CVR1                              00000001
CVR2                              00000002
CVR3                              00000003
CVRCON                            0000009D
CVREN                             00000007
CVROE                             00000006
CVRR                              00000005
D                                 00000005
DATA_ADDRESS                      00000005
DC                                00000001
D_A                               00000005
D_NOT_A                           00000005
EEADR                             0000010D
EEADRH                            0000010F
EECON1                            0000018C
EECON2                            0000018D
EEDATA                            0000010C
EEDATH                            0000010E
EEIE                              00000004
EEIF                              00000004
EEPGD                             00000007
F                                 00000001
FERR                              00000002
FSR                               00000004
GCEN                              00000007
GIE                               00000007
GO                                00000002
GO_DONE                           00000002
GO_NOT_DONE                       00000002
I2C_DATA                          00000005
I2C_READ                          00000002
I2C_START                         00000003
I2C_STOP                          00000004
INDF                              00000000
INTCON                            0000000B
INTE                              00000004
INTEDG                            00000006
INTF                              00000001
IRP                               00000007
NOT_A                             00000005
NOT_ADDRESS                       00000005
NOT_BO                            00000000
NOT_BOR                           00000000
MPASM 5.86                          MAIN.ASM   11-7-2019  20:21:04         PAGE  8


SYMBOL TABLE
  LABEL                             VALUE 

NOT_DONE                          00000002
NOT_PD                            00000003
NOT_POR                           00000001
NOT_RBPU                          00000007
NOT_RC8                           00000006
NOT_T1SYNC                        00000002
NOT_TO                            00000004
NOT_TX8                           00000006
NOT_W                             00000002
NOT_WRITE                         00000002
OERR                              00000001
OPTION_REG                        00000081
P                                 00000004
PCFG0                             00000000
PCFG1                             00000001
PCFG2                             00000002
PCFG3                             00000003
PCL                               00000002
PCLATH                            0000000A
PCON                              0000008E
PEIE                              00000006
PEN                               00000002
PIE1                              0000008C
PIE2                              0000008D
PIR1                              0000000C
PIR2                              0000000D
PORTA                             00000005
PORTB                             00000006
PORTC                             00000007
PR2                               00000092
PS0                               00000000
PS1                               00000001
PS2                               00000002
PSA                               00000003
R                                 00000002
RA0                               00000000
RA1                               00000001
RA2                               00000002
RA3                               00000003
RA4                               00000004
RA5                               00000005
RB0                               00000000
RB1                               00000001
RB2                               00000002
RB3                               00000003
RB4                               00000004
RB5                               00000005
RB6                               00000006
RB7                               00000007
RBIE                              00000003
RBIF                              00000000
RC0                               00000000
RC1                               00000001
MPASM 5.86                          MAIN.ASM   11-7-2019  20:21:04         PAGE  9


SYMBOL TABLE
  LABEL                             VALUE 

RC2                               00000002
RC3                               00000003
RC4                               00000004
RC5                               00000005
RC6                               00000006
RC7                               00000007
RC8_9                             00000006
RC9                               00000006
RCD8                              00000000
RCEN                              00000003
RCIE                              00000005
RCIF                              00000005
RCREG                             0000001A
RCSTA                             00000018
RD                                00000000
READ_WRITE                        00000002
RP0                               00000005
RP1                               00000006
RSEN                              00000001
RX9                               00000006
RX9D                              00000000
R_NOT_W                           00000002
R_W                               00000002
S                                 00000003
SEN                               00000000
SMP                               00000007
SPBRG                             00000099
SPEN                              00000007
SREN                              00000005
SSPADD                            00000093
SSPBUF                            00000013
SSPCON                            00000014
SSPCON2                           00000091
SSPEN                             00000005
SSPIE                             00000003
SSPIF                             00000003
SSPM0                             00000000
SSPM1                             00000001
SSPM2                             00000002
SSPM3                             00000003
SSPOV                             00000006
SSPSTAT                           00000094
STATUS                            00000003
SYNC                              00000004
T0CS                              00000005
T0IE                              00000005
T0IF                              00000002
T0SE                              00000004
T1CKPS0                           00000004
T1CKPS1                           00000005
T1CON                             00000010
T1INSYNC                          00000002
T1OSCEN                           00000003
MPASM 5.86                          MAIN.ASM   11-7-2019  20:21:04         PAGE 10


SYMBOL TABLE
  LABEL                             VALUE 

T1SYNC                            00000002
T2CKPS0                           00000000
T2CKPS1                           00000001
T2CON                             00000012
TMR0                              00000001
TMR0IE                            00000005
TMR0IF                            00000002
TMR1                              0000000E
TMR1CS                            00000001
TMR1H                             0000000F
TMR1IE                            00000000
TMR1IF                            00000000
TMR1L                             0000000E
TMR1ON                            00000000
TMR2                              00000011
TMR2IE                            00000001
TMR2IF                            00000001
TMR2ON                            00000002
TOUTPS0                           00000003
TOUTPS1                           00000004
TOUTPS2                           00000005
TOUTPS3                           00000006
TRISA                             00000085
TRISA0                            00000000
TRISA1                            00000001
TRISA2                            00000002
TRISA3                            00000003
TRISA4                            00000004
TRISA5                            00000005
TRISB                             00000086
TRISB0                            00000000
TRISB1                            00000001
TRISB2                            00000002
TRISB3                            00000003
TRISB4                            00000004
TRISB5                            00000005
TRISB6                            00000006
TRISB7                            00000007
TRISC                             00000087
TRISC0                            00000000
TRISC1                            00000001
TRISC2                            00000002
TRISC3                            00000003
TRISC4                            00000004
TRISC5                            00000005
TRISC6                            00000006
TRISC7                            00000007
TRMT                              00000001
TX8_9                             00000006
TX9                               00000006
TX9D                              00000000
TXD8                              00000000
TXEN                              00000005
MPASM 5.86                          MAIN.ASM   11-7-2019  20:21:04         PAGE 11


SYMBOL TABLE
  LABEL                             VALUE 

TXIE                              00000004
TXIF                              00000004
TXREG                             00000019
TXSTA                             00000098
UA                                00000001
W                                 00000000
WCOL                              00000007
WR                                00000001
WREN                              00000002
WRERR                             00000003
Z                                 00000002
_BODEN_OFF                        00003FBF
_BODEN_ON                         00003FFF
_BOREN_OFF                        00003FBF
_BOREN_ON                         00003FFF
_CONFIG                           00002007
_CPD_OFF                          00003FFF
_CPD_ON                           00003EFF
_CP_ALL                           00001FFF
_CP_OFF                           00003FFF
_CP_ON                            00001FFF
_DEBUG_OFF                        00003FFF
_DEBUG_ON                         000037FF
_DEVID1                           00002006
_FOSC_EXTRC                       00003FFF
_FOSC_HS                          00003FFE
_FOSC_LP                          00003FFC
_FOSC_XT                          00003FFD
_HS_OSC                           00003FFE
_IDLOC0                           00002000
_IDLOC1                           00002001
_IDLOC2                           00002002
_IDLOC3                           00002003
_LP_OSC                           00003FFC
_LVP_OFF                          00003F7F
_LVP_ON                           00003FFF
_PWRTE_OFF                        00003FFF
_PWRTE_ON                         00003FF7
_RC_OSC                           00003FFF
_WDTE_OFF                         00003FFB
_WDTE_ON                          00003FFF
_WDT_OFF                          00003FFB
_WDT_ON                           00003FFF
_WRT_1FOURTH                      00003BFF
_WRT_256                          00003DFF
_WRT_HALF                         000039FF
_WRT_OFF                          00003FFF
_XT_OSC                           00003FFD
__16F873A                         00000001
__DEBUG                           
__MPLAB_DEBUGGER_SIMULATOR        1
aux                               00000025
aux0                              0000002E
MPASM 5.86                          MAIN.ASM   11-7-2019  20:21:04         PAGE 12


SYMBOL TABLE
  LABEL                             VALUE 

aux1                              00000030
aux2                              00000032
auxDelay1sec                      00000047
auxDelay2500usec                  00000053
auxDelay2sec                      00000041
auxDelay5msec                     0000004D
count1                            00000023
count2                            00000024
delay1sec                         00000045
delay2500usec                     00000051
delay2sec                         0000003F
delay500ms                        0000002C
delay5msec                        0000004B
mod10                             0000001B
mod100                            00000014
start                             00000005
timer0                            00000020
timer1                            00000021
timer1sec                         00000027
timer2                            00000022
timer2500usec                     00000029
timer2sec                         00000026
timer5msec                        00000028

Errors   :     0
Warnings :     0 reported,     0 suppressed
Messages :    10 reported,     0 suppressed

