MPASM 5.86                       PROGRAM.ASM   11-7-2019  20:16:44         PAGE  1


LOC  OBJECT CODE     LINE SOURCE TEXT
  VALUE

                      00001 ; Autores: Douglas A. C. Canevarollo & Gabriel A. P. Nunes
                      00002 ;
                      00003 ; Um sensor envia, a cada 2 segundos, uma informação composta por um valor entre
                      00004 ; 0 e 255 (em binário), lido na porta B. Esse sistema apresenta então esse valor
                      00005 ; na forma de três dígitos BCD, mostrados alternadamente na porta A (5ms cada).
                      00006 ;
                      00007 ; Microcontrolador PIC18F873A, clock de 4MHz.
                      00008     
                      00009     list p=16F873A  ; Informa ao compilador o microcontrolador utilizado.
                      00010     
                      00011 ;
                      00012     
                      00013     #include <p16f873a.inc> ; Inclui algumas config. padrões do PIC18F873A.
                      00001         LIST
                      00002 
                      00003 ;==========================================================================
                      00004 ; Build date : Oct 24 2019
                      00005 ;  MPASM PIC16F873A processor include
                      00006 ; 
                      00007 ;  (c) Copyright 1999-2019 Microchip Technology, All rights reserved
                      00008 ;==========================================================================
                      00009 
                      00527         LIST
                      00014     
                      00015 ; FUSE bits:
                      00016 ; Cristal oscilador de 4MHz, sem watchdog, com powerup e sem prot. de código.
2007   3FF1           00017     __CONFIG _XT_OSC & _WDT_OFF & _PWRTE_ON & _CP_OFF
                      00018     
                      00019 ; Definição de aliases.
                      00020 
Warning[207]: Found label after column 1. (COUNTER)
  00000020            00021     COUNTER         EQU H'20'   ; Contador auxiliar.
Warning[207]: Found label after column 1. (HUNDRED)
  00000021            00022     HUNDRED         EQU H'21'   ; Dígito da centena.
Warning[207]: Found label after column 1. (DOZEN)
  00000022            00023     DOZEN           EQU H'22'   ; Dígito da dezena.
Warning[207]: Found label after column 1. (UNITY)
  00000023            00024     UNITY           EQU H'23'   ; Dígito da unidade.
Warning[207]: Found label after column 1. (DELCUT1MS)
  00000024            00025     DELCUT1MS       EQU H'24'   ; Contador do timer de 1 ms.
Warning[207]: Found label after column 1. (DELCUT1S)
  00000025            00026     DELCUT1S        EQU H'25'   ; Contador do timer de 1 s.
                      00027     
                      00028 ;
                      00029     
                      00030     org     H'0000'     ; Origem do código principal.
0000   2???           00031     goto    start
                      00032 
                      00033 ;
                      00034 ; Configurações dos bancos e portas de E/S.
0001                  00035 start:
0001   1303           00036     bcf     STATUS, RP1
0002   1683           00037     bsf     STATUS, RP0 ; Seleciona o banco 1.
MPASM 5.86                       PROGRAM.ASM   11-7-2019  20:16:44         PAGE  2


LOC  OBJECT CODE     LINE SOURCE TEXT
  VALUE

0003   3006           00038     movlw   B'0110'
Message[302]: Register in operand not in bank 0.  Ensure that bank bits are correct.
0004   009F           00039     movwf   ADCON1      ; Utiliza sinais digitais de entrada.
0005   30FF           00040     movlw   B'11111111'
Message[302]: Register in operand not in bank 0.  Ensure that bank bits are correct.
0006   0086           00041     movwf   TRISB       ; Todos os 8 bits da porta B serão usados como entrada.
0007   3000           00042     movlw   B'00000000'
Message[302]: Register in operand not in bank 0.  Ensure that bank bits are correct.
0008   0085           00043     movwf   TRISA       ; Todos os 5 bits da porta A serão usados como saída.
0009   1283           00044     bcf     STATUS, RP0 ; Seleciona o banco 0.
                      00045 ;
                      00046 ; Aplicação principal inicia agora.
000A                  00047 init:
Error[113]  : Symbol not previously defined (delay2s)
000A   2000           00048     call    delay2s     ; Aguarda 2 segundos.
000B   30D7           00049     movlw   D'215'      ; O "sensor" envia o número entre 0 a 255.
000C   0086           00050     movwf   PORTB       ; Esse número é armazenado na porta B.
                      00051 ;
                      00052 ; Como não podemos utilizar D'-1', passamos o binário 1111 ao contador. Ao rece-
                      00053 ; ber um incremento os 4 primeiros bits serão zerados (1111 + 0001 = 1 0000).
                      00054 ; Portanto, quando incrementarmos, zeramos o bit 4 para evitar problemas.
000D   300F           00055     movlw   B'1111'
000E   00A0           00056     movwf   COUNTER     ; Inicializa o contador em -1.
                      00057 ;
                      00058 ; Ciclo de definição da centena.
                      00059 ; A cada ciclo, subtrai 100 do valor original e incrementa o contador até que
                      00060 ; ocorra um carry no registrador STATUS, ou seja, a centena já foi totalmente
                      00061 ; contada. Por exemplo, 255 entrará no laço 2 vezes e o contador será incremen-
                      00062 ; 2 vezes. Logo, o reg. da centena armazenará o valor 2.
000F                  00063 hund:
000F   0AA0           00064     incf    COUNTER, 1  ; Incrementa o contador.
0010   1220           00065     bcf     COUNTER, 4  ; Zera o bit onde o carry ocorreu.
0011   3064           00066     movlw   D'100'      ; W = 100.
0012   0286           00067     subwf   PORTB, 1    ; Porta B = Porta B - W = Porta B - 100.
0013   1C03           00068     btfss   STATUS, C   ; Se o bit de carry estiver setado, pula o laço.
0014   2???           00069     goto    hund
0015   0820           00070     movf    COUNTER, 0  ; Move o conteúdo do contador para o reg. W.
0016   00A1           00071     movwf   HUNDRED     ; Move o conteúdo do reg. W para o reg. da centena.
0017   3064           00072     movlw   D'100'
0018   0786           00073     addwf   PORTB, 1    ; Recoloca a centena na entrada para os próximos cálculos.
                      00074 ;
0019   300F           00075     movlw   B'1111'
001A   00A0           00076     movwf   COUNTER     ; Reinicia o contador.
                      00077 ;
                      00078 ; Ciclo de definição da dezena.
                      00079 ; Segue a mesma lógica da centena.
001B                  00080 doz:
001B   0AA0           00081     incf    COUNTER, 1
001C   1220           00082     bcf     COUNTER, 4
001D   300A           00083     movlw   D'10'
001E   0286           00084     subwf   PORTB, 1
001F   1C03           00085     btfss   STATUS, C
0020   2???           00086     goto    doz
MPASM 5.86                       PROGRAM.ASM   11-7-2019  20:16:44         PAGE  3


LOC  OBJECT CODE     LINE SOURCE TEXT
  VALUE

0021   0820           00087     movf    COUNTER, 0
0022   00A2           00088     movwf   DOZEN
                      00089 ; Não é necessário somar 10 para retornar ao valor original, pois o restante já
                      00090 ; será a unidade.
0023   300F           00091     movlw   B'1111'
0024   00A0           00092     movwf   COUNTER     ; Reinicia, novamente, o contador.
                      00093 ;
                      00094 ; Ciclo de definição da unidade.
                      00095 ; Novamente, a mesma ideia.
0025                  00096 uni:
0025   0AA0           00097     incf    COUNTER, 1
0026   1220           00098     bcf     COUNTER, 4
0027   3001           00099     movlw   D'1'
0028   0286           00100     subwf   PORTB, 1
0029   1C03           00101     btfss   STATUS, C
002A   2???           00102     goto    uni
002B   0820           00103     movf    COUNTER, 0
002C   00A3           00104     movwf   UNITY
                      00105 ;
                      00106 ; Exibição alternada dos dígitos BCD na porta A.
002D   0821           00107     movf    HUNDRED, 0  ; W = centena.
002E   0085           00108     movwf   PORTA       ; Exibe o dígito da centena na porta A.
Error[113]  : Symbol not previously defined (delay5ms)
002F   2000           00109     call    delay5ms    ; Espera 5 ms.
                      00110 ;
0030   0822           00111     movf    DOZEN, 0    ; W = dezena.
0031   0085           00112     movwf   PORTA       ; Exibe o dígito da dezena na porta A.
Error[113]  : Symbol not previously defined (delay5ms)
0032   2000           00113     call    delay5ms
                      00114 ;
0033   0823           00115     movf    UNITY, 0    ; W = unidade.
0034   0085           00116     movwf   PORTA       ; Exibe o dígito da unidade na porta A.
Error[113]  : Symbol not previously defined (delay5ms)
0035   2000           00117     call    delay5ms
                      00118 ;
0036   2???           00119     goto    init        ; Volta ao início (espera de 2 s para o próximo valor).
3FF1                  00120     end
MPASM 5.86                       PROGRAM.ASM   11-7-2019  20:16:44         PAGE  4


SYMBOL TABLE
  LABEL                             VALUE 

ACKDT                             00000005
ACKEN                             00000004
ACKSTAT                           00000006
ADCON0                            0000001F
ADCON1                            0000009F
ADCS0                             00000006
ADCS1                             00000007
ADCS2                             00000006
ADDEN                             00000003
ADFM                              00000007
ADIE                              00000006
ADIF                              00000006
ADON                              00000000
ADRESH                            0000001E
ADRESL                            0000009E
BCLIE                             00000003
BCLIF                             00000003
BF                                00000000
BRGH                              00000002
C                                 00000000
C1INV                             00000004
C1OUT                             00000006
C2INV                             00000005
C2OUT                             00000007
CCP1CON                           00000017
CCP1IE                            00000002
CCP1IF                            00000002
CCP1M0                            00000000
CCP1M1                            00000001
CCP1M2                            00000002
CCP1M3                            00000003
CCP1X                             00000005
CCP1Y                             00000004
CCP2CON                           0000001D
CCP2IE                            00000000
CCP2IF                            00000000
CCP2M0                            00000000
CCP2M1                            00000001
CCP2M2                            00000002
CCP2M3                            00000003
CCP2X                             00000005
CCP2Y                             00000004
CCPR1                             00000015
CCPR1H                            00000016
CCPR1L                            00000015
CCPR2                             0000001B
CCPR2H                            0000001C
CCPR2L                            0000001B
CHS0                              00000003
CHS1                              00000004
CHS2                              00000005
CIS                               00000003
CKE                               00000006
MPASM 5.86                       PROGRAM.ASM   11-7-2019  20:16:44         PAGE  5


SYMBOL TABLE
  LABEL                             VALUE 

CKP                               00000004
CM0                               00000000
CM1                               00000001
CM2                               00000002
CMCON                             0000009C
CMIE                              00000006
CMIF                              00000006
COUNTER                           00000020
CREN                              00000004
CSRC                              00000007
CVR0                              00000000
CVR1                              00000001
CVR2                              00000002
CVR3                              00000003
CVRCON                            0000009D
CVREN                             00000007
CVROE                             00000006
CVRR                              00000005
D                                 00000005
DATA_ADDRESS                      00000005
DC                                00000001
DELCUT1MS                         00000024
DELCUT1S                          00000025
DOZEN                             00000022
D_A                               00000005
D_NOT_A                           00000005
EEADR                             0000010D
EEADRH                            0000010F
EECON1                            0000018C
EECON2                            0000018D
EEDATA                            0000010C
EEDATH                            0000010E
EEIE                              00000004
EEIF                              00000004
EEPGD                             00000007
F                                 00000001
FERR                              00000002
FSR                               00000004
GCEN                              00000007
GIE                               00000007
GO                                00000002
GO_DONE                           00000002
GO_NOT_DONE                       00000002
HUNDRED                           00000021
I2C_DATA                          00000005
I2C_READ                          00000002
I2C_START                         00000003
I2C_STOP                          00000004
INDF                              00000000
INTCON                            0000000B
INTE                              00000004
INTEDG                            00000006
INTF                              00000001
MPASM 5.86                       PROGRAM.ASM   11-7-2019  20:16:44         PAGE  6


SYMBOL TABLE
  LABEL                             VALUE 

IRP                               00000007
NOT_A                             00000005
NOT_ADDRESS                       00000005
NOT_BO                            00000000
NOT_BOR                           00000000
NOT_DONE                          00000002
NOT_PD                            00000003
NOT_POR                           00000001
NOT_RBPU                          00000007
NOT_RC8                           00000006
NOT_T1SYNC                        00000002
NOT_TO                            00000004
NOT_TX8                           00000006
NOT_W                             00000002
NOT_WRITE                         00000002
OERR                              00000001
OPTION_REG                        00000081
P                                 00000004
PCFG0                             00000000
PCFG1                             00000001
PCFG2                             00000002
PCFG3                             00000003
PCL                               00000002
PCLATH                            0000000A
PCON                              0000008E
PEIE                              00000006
PEN                               00000002
PIE1                              0000008C
PIE2                              0000008D
PIR1                              0000000C
PIR2                              0000000D
PORTA                             00000005
PORTB                             00000006
PORTC                             00000007
PR2                               00000092
PS0                               00000000
PS1                               00000001
PS2                               00000002
PSA                               00000003
R                                 00000002
RA0                               00000000
RA1                               00000001
RA2                               00000002
RA3                               00000003
RA4                               00000004
RA5                               00000005
RB0                               00000000
RB1                               00000001
RB2                               00000002
RB3                               00000003
RB4                               00000004
RB5                               00000005
RB6                               00000006
MPASM 5.86                       PROGRAM.ASM   11-7-2019  20:16:44         PAGE  7


SYMBOL TABLE
  LABEL                             VALUE 

RB7                               00000007
RBIE                              00000003
RBIF                              00000000
RC0                               00000000
RC1                               00000001
RC2                               00000002
RC3                               00000003
RC4                               00000004
RC5                               00000005
RC6                               00000006
RC7                               00000007
RC8_9                             00000006
RC9                               00000006
RCD8                              00000000
RCEN                              00000003
RCIE                              00000005
RCIF                              00000005
RCREG                             0000001A
RCSTA                             00000018
RD                                00000000
READ_WRITE                        00000002
RP0                               00000005
RP1                               00000006
RSEN                              00000001
RX9                               00000006
RX9D                              00000000
R_NOT_W                           00000002
R_W                               00000002
S                                 00000003
SEN                               00000000
SMP                               00000007
SPBRG                             00000099
SPEN                              00000007
SREN                              00000005
SSPADD                            00000093
SSPBUF                            00000013
SSPCON                            00000014
SSPCON2                           00000091
SSPEN                             00000005
SSPIE                             00000003
SSPIF                             00000003
SSPM0                             00000000
SSPM1                             00000001
SSPM2                             00000002
SSPM3                             00000003
SSPOV                             00000006
SSPSTAT                           00000094
STATUS                            00000003
SYNC                              00000004
T0CS                              00000005
T0IE                              00000005
T0IF                              00000002
T0SE                              00000004
MPASM 5.86                       PROGRAM.ASM   11-7-2019  20:16:44         PAGE  8


SYMBOL TABLE
  LABEL                             VALUE 

T1CKPS0                           00000004
T1CKPS1                           00000005
T1CON                             00000010
T1INSYNC                          00000002
T1OSCEN                           00000003
T1SYNC                            00000002
T2CKPS0                           00000000
T2CKPS1                           00000001
T2CON                             00000012
TMR0                              00000001
TMR0IE                            00000005
TMR0IF                            00000002
TMR1                              0000000E
TMR1CS                            00000001
TMR1H                             0000000F
TMR1IE                            00000000
TMR1IF                            00000000
TMR1L                             0000000E
TMR1ON                            00000000
TMR2                              00000011
TMR2IE                            00000001
TMR2IF                            00000001
TMR2ON                            00000002
TOUTPS0                           00000003
TOUTPS1                           00000004
TOUTPS2                           00000005
TOUTPS3                           00000006
TRISA                             00000085
TRISA0                            00000000
TRISA1                            00000001
TRISA2                            00000002
TRISA3                            00000003
TRISA4                            00000004
TRISA5                            00000005
TRISB                             00000086
TRISB0                            00000000
TRISB1                            00000001
TRISB2                            00000002
TRISB3                            00000003
TRISB4                            00000004
TRISB5                            00000005
TRISB6                            00000006
TRISB7                            00000007
TRISC                             00000087
TRISC0                            00000000
TRISC1                            00000001
TRISC2                            00000002
TRISC3                            00000003
TRISC4                            00000004
TRISC5                            00000005
TRISC6                            00000006
TRISC7                            00000007
TRMT                              00000001
MPASM 5.86                       PROGRAM.ASM   11-7-2019  20:16:44         PAGE  9


SYMBOL TABLE
  LABEL                             VALUE 

TX8_9                             00000006
TX9                               00000006
TX9D                              00000000
TXD8                              00000000
TXEN                              00000005
TXIE                              00000004
TXIF                              00000004
TXREG                             00000019
TXSTA                             00000098
UA                                00000001
UNITY                             00000023
W                                 00000000
WCOL                              00000007
WR                                00000001
WREN                              00000002
WRERR                             00000003
Z                                 00000002
_BODEN_OFF                        00003FBF
_BODEN_ON                         00003FFF
_BOREN_OFF                        00003FBF
_BOREN_ON                         00003FFF
_CONFIG                           00002007
_CPD_OFF                          00003FFF
_CPD_ON                           00003EFF
_CP_ALL                           00001FFF
_CP_OFF                           00003FFF
_CP_ON                            00001FFF
_DEBUG_OFF                        00003FFF
_DEBUG_ON                         000037FF
_DEVID1                           00002006
_FOSC_EXTRC                       00003FFF
_FOSC_HS                          00003FFE
_FOSC_LP                          00003FFC
_FOSC_XT                          00003FFD
_HS_OSC                           00003FFE
_IDLOC0                           00002000
_IDLOC1                           00002001
_IDLOC2                           00002002
_IDLOC3                           00002003
_LP_OSC                           00003FFC
_LVP_OFF                          00003F7F
_LVP_ON                           00003FFF
_PWRTE_OFF                        00003FFF
_PWRTE_ON                         00003FF7
_RC_OSC                           00003FFF
_WDTE_OFF                         00003FFB
_WDTE_ON                          00003FFF
_WDT_OFF                          00003FFB
_WDT_ON                           00003FFF
_WRT_1FOURTH                      00003BFF
_WRT_256                          00003DFF
_WRT_HALF                         000039FF
_WRT_OFF                          00003FFF
MPASM 5.86                       PROGRAM.ASM   11-7-2019  20:16:44         PAGE 10


SYMBOL TABLE
  LABEL                             VALUE 

_XT_OSC                           00003FFD
__16F873A                         00000001
__DEBUG                           
__MPLAB_DEBUGGER_SIMULATOR        1
doz                               0000001B
hund                              0000000F
init                              0000000A
start                             00000001
uni                               00000025

Errors   :     4
Warnings :     6 reported,     0 suppressed
Messages :     3 reported,     0 suppressed

